# JRE version: Java(TM) SE Runtime Environment 18.9 (11.0.15+8) (build 11.0.15+8-LTS-149)
# Java VM: Java HotSpot(TM) 64-Bit Server VM 18.9 (11.0.15+8-LTS-149, mixed mode, tiered, compressed oops, g1 gc, windows-amd64)
Heap:
 garbage-first heap   total 129024K, used 41600K [0x0000000083a00000, 0x0000000100000000)
  region size 1024K, 23 young (23552K), 5 survivors (5120K)
 Metaspace       used 59695K, capacity 61125K, committed 61440K, reserved 1101824K
  class space    used 7650K, capacity 8234K, committed 8320K, reserved 1048576K
GC Heap History (10 events):
Event: 4.914 GC heap before
{Heap before GC invocations=7 (full 0):
 garbage-first heap   total 129024K, used 84417K [0x0000000083a00000, 0x0000000100000000)
  region size 1024K, 75 young (76800K), 6 survivors (6144K)
 Metaspace       used 29732K, capacity 30473K, committed 30592K, reserved 1077248K
  class space    used 3397K, capacity 3697K, committed 3712K, reserved 1048576K
}
Event: 4.918 GC heap after
{Heap after GC invocations=8 (full 0):
 garbage-first heap   total 129024K, used 14057K [0x0000000083a00000, 0x0000000100000000)
  region size 1024K, 6 young (6144K), 6 survivors (6144K)
 Metaspace       used 29732K, capacity 30473K, committed 30592K, reserved 1077248K
  class space    used 3397K, capacity 3697K, committed 3712K, reserved 1048576K
}
Event: 5.728 GC heap before
{Heap before GC invocations=8 (full 0):
 garbage-first heap   total 129024K, used 43753K [0x0000000083a00000, 0x0000000100000000)
  region size 1024K, 36 young (36864K), 6 survivors (6144K)
 Metaspace       used 34787K, capacity 35739K, committed 35840K, reserved 1081344K
  class space    used 4054K, capacity 4436K, committed 4480K, reserved 1048576K
}
Event: 5.734 GC heap after
{Heap after GC invocations=9 (full 0):
 garbage-first heap   total 129024K, used 16558K [0x0000000083a00000, 0x0000000100000000)
  region size 1024K, 7 young (7168K), 7 survivors (7168K)
 Metaspace       used 34787K, capacity 35739K, committed 35840K, reserved 1081344K
  class space    used 4054K, capacity 4436K, committed 4480K, reserved 1048576K
}
Event: 6.909 GC heap before
{Heap before GC invocations=10 (full 0):
 garbage-first heap   total 129024K, used 86190K [0x0000000083a00000, 0x0000000100000000)
  region size 1024K, 75 young (76800K), 7 survivors (7168K)
 Metaspace       used 45440K, capacity 46624K, committed 46848K, reserved 1089536K
  class space    used 5349K, capacity 5815K, committed 5888K, reserved 1048576K
}
Event: 6.915 GC heap after
{Heap after GC invocations=11 (full 0):
 garbage-first heap   total 129024K, used 20311K [0x0000000083a00000, 0x0000000100000000)
  region size 1024K, 8 young (8192K), 8 survivors (8192K)
 Metaspace       used 45440K, capacity 46624K, committed 46848K, reserved 1089536K
  class space    used 5349K, capacity 5815K, committed 5888K, reserved 1048576K
}
Event: 8.028 GC heap before
{Heap before GC invocations=11 (full 0):
 garbage-first heap   total 129024K, used 88919K [0x0000000083a00000, 0x0000000100000000)
  region size 1024K, 75 young (76800K), 8 survivors (8192K)
 Metaspace       used 56776K, capacity 58042K, committed 58240K, reserved 1099776K
  class space    used 7236K, capacity 7744K, committed 7808K, reserved 1048576K
}
Event: 8.034 GC heap after
{Heap after GC invocations=12 (full 0):
 garbage-first heap   total 129024K, used 22395K [0x0000000083a00000, 0x0000000100000000)
  region size 1024K, 7 young (7168K), 7 survivors (7168K)
 Metaspace       used 56776K, capacity 58042K, committed 58240K, reserved 1099776K
  class space    used 7236K, capacity 7744K, committed 7808K, reserved 1048576K
}
Event: 8.325 GC heap before
{Heap before GC invocations=12 (full 0):
 garbage-first heap   total 129024K, used 41851K [0x0000000083a00000, 0x0000000100000000)
  region size 1024K, 27 young (27648K), 7 survivors (7168K)
 Metaspace       used 58689K, capacity 60067K, committed 60160K, reserved 1101824K
  class space    used 7495K, capacity 8053K, committed 8064K, reserved 1048576K
}
Event: 8.332 GC heap after
{Heap after GC invocations=13 (full 0):
 garbage-first heap   total 129024K, used 24192K [0x0000000083a00000, 0x0000000100000000)
  region size 1024K, 5 young (5120K), 5 survivors (5120K)
 Metaspace       used 58689K, capacity 60067K, committed 60160K, reserved 1101824K
  class space    used 7495K, capacity 8053K, committed 8064K, reserved 1048576K
}

